WearNotifications/Wearable/build/outputs/logs/manifest-merger-debug-report.txt
-- Merging decision tree log ---
manifest
ADDED from src/main/AndroidManifest.xml:17:1-99:12
	package
		ADDED from src/main/AndroidManifest.xml:18:11-72
	android:versionName
		ADDED from src/main/AndroidManifest.xml:20:11-36
		INJECTED from src/main/AndroidManifest.xml
		INJECTED from src/main/AndroidManifest.xml
	android:versionCode
		ADDED from src/main/AndroidManifest.xml:19:11-34
		INJECTED from src/main/AndroidManifest.xml
		INJECTED from src/main/AndroidManifest.xml
	xmlns:android
		ADDED from src/main/AndroidManifest.xml:17:11-69
uses-feature#android.hardware.type.watch
ADDED from src/main/AndroidManifest.xml:22:5-63
	android:name
		ADDED from src/main/AndroidManifest.xml:22:19-61
uses-permission#android.permission.WAKE_LOCK
ADDED from src/main/AndroidManifest.xml:24:5-68
	android:name
		ADDED from src/main/AndroidManifest.xml:24:22-65
application
ADDED from src/main/AndroidManifest.xml:26:5-98:19
MERGED from [com.android.support:design:24.0.0] AndroidManifest.xml:22:5-20
MERGED from [com.android.support:appcompat-v7:24.0.0] AndroidManifest.xml:25:5-20
MERGED from [com.android.support:animated-vector-drawable:24.0.0] AndroidManifest.xml:22:5-20
MERGED from [com.android.support:support-vector-drawable:24.0.0] AndroidManifest.xml:23:5-20
MERGED from [com.google.android.gms:play-services-wearable:10.0.1] AndroidManifest.xml:18:5-19
MERGED from [com.google.android.gms:play-services-base:10.0.1] AndroidManifest.xml:18:5-20:19
MERGED from [com.google.android.gms:play-services-tasks:10.0.1] AndroidManifest.xml:4:5-19
MERGED from [com.google.android.gms:play-services-basement:10.0.1] AndroidManifest.xml:19:5-21:19
MERGED from [com.android.support:support-v13:25.0.1] AndroidManifest.xml:25:5-20
MERGED from [com.google.android.support:wearable:2.0.0] AndroidManifest.xml:6:5-19
MERGED from [com.android.support:percent:23.0.1] AndroidManifest.xml:22:5-20
MERGED from [com.android.support:support-v4:25.0.1] AndroidManifest.xml:25:5-20
MERGED from [com.android.support:support-fragment:25.0.1] AndroidManifest.xml:25:5-20
MERGED from [com.android.support:support-media-compat:25.0.1] AndroidManifest.xml:25:5-20
MERGED from [com.android.support:support-core-ui:25.0.1] AndroidManifest.xml:25:5-20
MERGED from [com.android.support:support-core-utils:25.0.1] AndroidManifest.xml:25:5-20
MERGED from [com.android.support:support-compat:25.0.1] AndroidManifest.xml:25:5-20
	android:label
		ADDED from src/main/AndroidManifest.xml:28:18-50
	android:supportsRtl
		ADDED from src/main/AndroidManifest.xml:29:18-44
	android:allowBackup
		ADDED from src/main/AndroidManifest.xml:26:18-44
	android:icon
		ADDED from src/main/AndroidManifest.xml:27:18-52
	android:theme
		ADDED from src/main/AndroidManifest.xml:30:18-57
meta-data#com.google.android.wearable.standalone
ADDED from src/main/AndroidManifest.xml:33:9-96
	android:value
		ADDED from src/main/AndroidManifest.xml:33:74-94
	android:name
		ADDED from src/main/AndroidManifest.xml:33:20-73
uses-library#com.google.android.wearable
ADDED from src/main/AndroidManifest.xml:48:9-93
	android:required
		ADDED from src/main/AndroidManifest.xml:48:66-90
	android:name
		ADDED from src/main/AndroidManifest.xml:48:23-65
activity#com.example.android.wearable.wear.wearnotifications.StandaloneMainActivity
ADDED from src/main/AndroidManifest.xml:50:9-56:20
	android:label
		ADDED from src/main/AndroidManifest.xml:51:19-51
	android:name
		ADDED from src/main/AndroidManifest.xml:50:19-57
intent-filter#android.intent.action.MAIN+android.intent.category.LAUNCHER
ADDED from src/main/AndroidManifest.xml:52:13-55:29
action#android.intent.action.MAIN
ADDED from src/main/AndroidManifest.xml:53:17-69
	android:name
		ADDED from src/main/AndroidManifest.xml:53:25-66
category#android.intent.category.LAUNCHER
ADDED from src/main/AndroidManifest.xml:54:17-77
	android:name
		ADDED from src/main/AndroidManifest.xml:54:27-74
activity#com.example.android.wearable.wear.wearnotifications.handlers.BigTextMainActivity
ADDED from src/main/AndroidManifest.xml:59:9-63:20
	android:label
		ADDED from src/main/AndroidManifest.xml:61:13-65
	android:taskAffinity
		ADDED from src/main/AndroidManifest.xml:62:13-36
	android:name
		ADDED from src/main/AndroidManifest.xml:60:13-57
activity#com.example.android.wearable.wear.wearnotifications.handlers.BigPictureSocialMainActivity
ADDED from src/main/AndroidManifest.xml:65:9-69:20
	android:label
		ADDED from src/main/AndroidManifest.xml:67:13-68
	android:taskAffinity
		ADDED from src/main/AndroidManifest.xml:68:13-36
	android:name
		ADDED from src/main/AndroidManifest.xml:66:13-66
activity#com.example.android.wearable.wear.wearnotifications.handlers.InboxMainActivity
ADDED from src/main/AndroidManifest.xml:72:9-76:20
	android:label
		ADDED from src/main/AndroidManifest.xml:74:13-62
	android:taskAffinity
		ADDED from src/main/AndroidManifest.xml:75:13-36
	android:name
		ADDED from src/main/AndroidManifest.xml:73:13-55
activity#com.example.android.wearable.wear.wearnotifications.handlers.MessagingMainActivity
ADDED from src/main/AndroidManifest.xml:78:9-82:20
	android:label
		ADDED from src/main/AndroidManifest.xml:80:13-66
	android:taskAffinity
		ADDED from src/main/AndroidManifest.xml:81:13-36
	android:name
		ADDED from src/main/AndroidManifest.xml:79:13-59
service#com.example.android.wearable.wear.wearnotifications.handlers.BigTextIntentService
ADDED from src/main/AndroidManifest.xml:84:9-87:19
	android:exported
		ADDED from src/main/AndroidManifest.xml:86:13-37
	android:name
		ADDED from src/main/AndroidManifest.xml:85:13-58
service#com.example.android.wearable.wear.wearnotifications.handlers.MessagingIntentService
ADDED from src/main/AndroidManifest.xml:89:9-92:19
	android:exported
		ADDED from src/main/AndroidManifest.xml:91:13-37
	android:name
		ADDED from src/main/AndroidManifest.xml:90:13-60
service#com.example.android.wearable.wear.wearnotifications.handlers.BigPictureSocialIntentService
ADDED from src/main/AndroidManifest.xml:94:9-97:19
	android:exported
		ADDED from src/main/AndroidManifest.xml:96:13-37
	android:name
		ADDED from src/main/AndroidManifest.xml:95:13-67
uses-sdk
INJECTED from src/main/AndroidManifest.xml reason: use-sdk injection requested
MERGED from [com.android.support:design:24.0.0] AndroidManifest.xml:20:5-43
MERGED from [com.android.support:appcompat-v7:24.0.0] AndroidManifest.xml:21:5-23:78
MERGED from [com.android.support:animated-vector-drawable:24.0.0] AndroidManifest.xml:20:5-44
MERGED from [com.android.support:support-vector-drawable:24.0.0] AndroidManifest.xml:21:5-43
MERGED from [com.google.android.gms:play-services-wearable:10.0.1] AndroidManifest.xml:17:5-42
MERGED from [com.google.android.gms:play-services-base:10.0.1] AndroidManifest.xml:17:5-42
MERGED from [com.google.android.gms:play-services-tasks:10.0.1] AndroidManifest.xml:3:5-42
MERGED from [com.google.android.gms:play-services-basement:10.0.1] AndroidManifest.xml:17:5-42
MERGED from [com.android.support:support-v13:25.0.1] AndroidManifest.xml:21:5-23:55
MERGED from [com.google.android.support:wearable:2.0.0] AndroidManifest.xml:4:5-72
MERGED from [com.android.support:percent:23.0.1] AndroidManifest.xml:20:5-43
MERGED from [com.android.support:recyclerview-v7:24.0.0] AndroidManifest.xml:20:5-43
MERGED from [com.android.support:support-v4:25.0.1] AndroidManifest.xml:21:5-23:54
MERGED from [com.android.support:support-fragment:25.0.1] AndroidManifest.xml:21:5-23:60
MERGED from [com.android.support:support-media-compat:25.0.1] AndroidManifest.xml:21:5-23:63
MERGED from [com.android.support:support-core-ui:25.0.1] AndroidManifest.xml:21:5-23:58
MERGED from [com.android.support:support-core-utils:25.0.1] AndroidManifest.xml:21:5-23:61
MERGED from [com.android.support:support-compat:25.0.1] AndroidManifest.xml:21:5-23:58
	tools:overrideLibrary
		ADDED from [com.android.support:appcompat-v7:24.0.0] AndroidManifest.xml:23:9-75
	android:targetSdkVersion
		INJECTED from src/main/AndroidManifest.xml
		INJECTED from src/main/AndroidManifest.xml
	android:minSdkVersion
		INJECTED from src/main/AndroidManifest.xml
		INJECTED from src/main/AndroidManifest.xml
activity#com.google.android.gms.common.api.GoogleApiActivity
ADDED from [com.google.android.gms:play-services-base:10.0.1] AndroidManifest.xml:19:9-172
	android:exported
		ADDED from [com.google.android.gms:play-services-base:10.0.1] AndroidManifest.xml:19:146-170
	android:theme
		ADDED from [com.google.android.gms:play-services-base:10.0.1] AndroidManifest.xml:19:86-145
	android:name
		ADDED from [com.google.android.gms:play-services-base:10.0.1] AndroidManifest.xml:19:19-85
meta-data#com.google.android.gms.version
ADDED from [com.google.android.gms:play-services-basement:10.0.1] AndroidManifest.xml:20:9-121
	android:value
		ADDED from [com.google.android.gms:play-services-basement:10.0.1] AndroidManifest.xml:20:66-119
	android:name
		ADDED from [com.google.android.gms:play-services-basement:10.0.1] AndroidManifest.xml:20:20-65